ARM COMPILER V2.40a,  main                                                                 10/09/23  08:26:01  PAGE 1   


ARM COMPILER V2.40a, COMPILATION OF MODULE main
OBJECT MODULE PLACED IN main.OBJ
COMPILER INVOKED BY: C:\Keil\ARM\BIN\CA.exe main.c THUMB BROWSE DEBUG TABS(4) 

stmt  level    source

    1          #include "LCD.h"
    2          #include "lpc214x.h"
    3          
    4          int main()
    5          {
    6   1          PINSEL0  = 0x00000000;
    7   1          PINSEL1  = 0x00000000;
    8   1          PINSEL2  = 0x00000000;
    9   1          IODIR0 |= (1 << 10);  //EM
   10   1          IODIR0 |= (1 << 11);  //RS
   11   1          IODIR0 |= (1 << 20);  //RW
   12   1          IODIR1 |= (0xF << 20);
   13   1      //IODIR0 = 0x00100c00;
   14   1      //  IODIR1= 0x00FF0000;
   15   1          lcd_init();
   16   1          Delay(1000);
   17   1          while (1)
   18   1          {
   19   2              lcd_put_cur(0, 0);
   20   2              lcd_send_string("Embedded Systems");
   21   2              Delay(1000);
   22   2              lcd_put_cur(1, 0);
   23   2              lcd_send_string("Electronics");
   24   2              Delay(1000);
   25   2          }             
   26   1      }
ARM COMPILER V2.40a,  main                                                                 10/09/23  08:26:01  PAGE 2   

ASSEMBLY LISTING OF GENERATED OBJECT CODE



*** EXTERNALS:
 EXTERN CODE16 (Delay?T)
 EXTERN CODE16 (lcd_init?T)
 EXTERN CODE16 (lcd_put_cur?T)
 EXTERN CODE16 (lcd_send_string?T)
 EXTERN NUMBER (__startup)



*** PUBLICS:
 PUBLIC         main



*** DATA SEGMENT '?CON?main':
 00000000          ??S_2:
 00000000            DB          'Electronics',0x00
 0000000C          ??S_1:
 0000000C            DB          'Embedded Systems',0x00

*** CODE SEGMENT '?PR?main?main':
    4: int main()
 00000000  B500      PUSH        {LR}
    6:     PINSEL0  = 0x00000000;
 00000002  2100      MOV         R1,#0x0
 00000004  4800      LDR         R0,=0xE002C000
 00000006  6001      STR         R1,[R0,#0x0]
    7:     PINSEL1  = 0x00000000;
 00000008  2100      MOV         R1,#0x0
 0000000A  4800      LDR         R0,=0xE002C004
 0000000C  6001      STR         R1,[R0,#0x0]
    8:     PINSEL2  = 0x00000000;
 0000000E  2100      MOV         R1,#0x0
 00000010  4800      LDR         R0,=0xE002C014
 00000012  6001      STR         R1,[R0,#0x0]
    9:     IODIR0 |= (1 << 10);  //EM
 00000014  4800      LDR         R2,=0x400
 00000016  4800      LDR         R0,=0xE0028008
 00000018  6801      LDR         R1,[R0,#0x0]
 0000001A  4311      ORR         R1,R2
 0000001C  6001      STR         R1,[R0,#0x0]
   10:     IODIR0 |= (1 << 11);  //RS
 0000001E  4800      LDR         R2,=0x800
 00000020  4800      LDR         R0,=0xE0028008
 00000022  6801      LDR         R1,[R0,#0x0]
 00000024  4311      ORR         R1,R2
 00000026  6001      STR         R1,[R0,#0x0]
   11:     IODIR0 |= (1 << 20);  //RW
 00000028  4800      LDR         R2,=0x100000
 0000002A  4800      LDR         R0,=0xE0028008
 0000002C  6801      LDR         R1,[R0,#0x0]
 0000002E  4311      ORR         R1,R2
 00000030  6001      STR         R1,[R0,#0x0]
   12:     IODIR1 |= (0xF << 20);
 00000032  4800      LDR         R2,=0xF00000
 00000034  4800      LDR         R0,=0xE0028018
 00000036  6801      LDR         R1,[R0,#0x0]
 00000038  4311      ORR         R1,R2
 0000003A  6001      STR         R1,[R0,#0x0]
   15:     lcd_init();
 0000003C  F7FF      BL          lcd_init?T  ; T=0x0001  (1)
 0000003E  FFE0      BL          lcd_init?T  ; T=0x0001  (2)
   16:     Delay(1000);
 00000040  48FA      LDR         R0,=0x3E8
 00000042  F7FF      BL          Delay?T  ; T=0x0001  (1)
 00000044  FFDD      BL          Delay?T  ; T=0x0001  (2)
   17:     while (1)
 00000046          L_3:
ARM COMPILER V2.40a,  main                                                                 10/09/23  08:26:01  PAGE 3   

   19:         lcd_put_cur(0, 0);
 00000046  2000      MOV         R0,#0x0
 00000048  2100      MOV         R1,#0x0
 0000004A  F7FF      BL          lcd_put_cur?T  ; T=0x0001  (1)
 0000004C  FFD9      BL          lcd_put_cur?T  ; T=0x0001  (2)
   20:         lcd_send_string("Embedded Systems");
 0000004E  4800      LDR         R0,=??S_1 ; ??S_1
 00000050  F7FF      BL          lcd_send_string?T  ; T=0x0001  (1)
 00000052  FFD6      BL          lcd_send_string?T  ; T=0x0001  (2)
   21:         Delay(1000);
 00000054  48FA      LDR         R0,=0x3E8
 00000056  F7FF      BL          Delay?T  ; T=0x0001  (1)
 00000058  FFD3      BL          Delay?T  ; T=0x0001  (2)
   22:         lcd_put_cur(1, 0);
 0000005A  2001      MOV         R0,#0x1
 0000005C  2100      MOV         R1,#0x0
 0000005E  F7FF      BL          lcd_put_cur?T  ; T=0x0001  (1)
 00000060  FFCF      BL          lcd_put_cur?T  ; T=0x0001  (2)
   23:         lcd_send_string("Electronics");
 00000062  4800      LDR         R0,=??S_2 ; ??S_2
 00000064  F7FF      BL          lcd_send_string?T  ; T=0x0001  (1)
 00000066  FFCC      BL          lcd_send_string?T  ; T=0x0001  (2)
   24:         Delay(1000);
 00000068  48FA      LDR         R0,=0x3E8
 0000006A  F7FF      BL          Delay?T  ; T=0x0001  (1)
 0000006C  FFC9      BL          Delay?T  ; T=0x0001  (2)
   25:     }              
 0000006E  E7EA      B           L_3  ; T=0x00000046
   26: }
 00000070  BC08      POP         {R3}
 00000072  4718      BX          R3
 00000074          ENDP ; 'main'



Module Information          Static
----------------------------------
  code size            =    ------
  data size            =    ------
  const size           =        29
End of Module Information.


ARM COMPILATION COMPLETE.  0 WARNING(S),  0 ERROR(S)
